c:\users\master\source\repos\烈風伝mod\javascript.mod\release\vc143.pdb
c:\users\master\source\repos\烈風伝mod\javascript.mod\release\.netframework,version=v4.8.assemblyattributes.obj
c:\users\master\source\repos\烈風伝mod\javascript.mod\release\string_convert.obj
c:\users\master\source\repos\烈風伝mod\javascript.mod\release\javascript.mod.obj
c:\users\master\source\repos\烈風伝mod\javascript.mod\release\export_func.obj
c:\users\master\source\repos\烈風伝mod\javascript.mod\release\assemblyinfo.obj
c:\users\master\source\repos\烈風伝mod\release\clearscript.core.dll
c:\users\master\source\repos\烈風伝mod\release\javascript.mod.lib
c:\users\master\source\repos\烈風伝mod\release\javascript.mod.exp
c:\users\master\source\repos\烈風伝mod\release\javascript.mod.dll
c:\users\master\source\repos\烈風伝mod\javascript.mod\release\javascript.mod.tlog\metagen.write.1.tlog
c:\users\master\source\repos\烈風伝mod\javascript.mod\release\app.res
c:\users\master\source\repos\烈風伝mod\javascript.mod\release\javascript.mod.tlog\cl.command.1.tlog
c:\users\master\source\repos\烈風伝mod\javascript.mod\release\javascript.mod.tlog\cl.items.tlog
c:\users\master\source\repos\烈風伝mod\javascript.mod\release\javascript.mod.tlog\cl.read.1.tlog
c:\users\master\source\repos\烈風伝mod\javascript.mod\release\javascript.mod.tlog\cl.write.1.tlog
c:\users\master\source\repos\烈風伝mod\javascript.mod\release\javascript.mod.tlog\copylocal.read.1u.tlog
c:\users\master\source\repos\烈風伝mod\javascript.mod\release\javascript.mod.tlog\copylocal.write.1u.tlog
c:\users\master\source\repos\烈風伝mod\javascript.mod\release\javascript.mod.tlog\link.command.1.tlog
c:\users\master\source\repos\烈風伝mod\javascript.mod\release\javascript.mod.tlog\link.read.1.tlog
c:\users\master\source\repos\烈風伝mod\javascript.mod\release\javascript.mod.tlog\link.write.1.tlog
c:\users\master\source\repos\烈風伝mod\javascript.mod\release\javascript.mod.tlog\link.write.2u.tlog
c:\users\master\source\repos\烈風伝mod\javascript.mod\release\javascript.mod.tlog\metagen.read.1.tlog
c:\users\master\source\repos\烈風伝mod\javascript.mod\release\javascript.mod.tlog\rc.command.1.tlog
c:\users\master\source\repos\烈風伝mod\javascript.mod\release\javascript.mod.tlog\rc.read.1.tlog
c:\users\master\source\repos\烈風伝mod\javascript.mod\release\javascript.mod.tlog\rc.write.1.tlog
c:\users\master\source\repos\烈風伝mod\javascript.mod\release\javascript.mod.tlog\clearscript.core.dll.metagen
