c:\users\master\source\repos\烈風伝mod\winmm\release (super)\file_attribute.obj
c:\users\master\source\repos\烈風伝mod\winmm\release (super)\process.obj
c:\users\master\source\repos\烈風伝mod\winmm\release (super)\dllmain.obj
c:\users\master\source\repos\烈風伝mod\winmm\release (super)\dllextern.obj
c:\users\master\source\repos\烈風伝mod\winmm\release (super)\loadmod.obj
c:\users\master\source\repos\烈風伝mod\winmm\release (super)\output_debug_stream.obj
c:\users\master\source\repos\烈風伝mod\winmm\release (super)\on_event.obj
c:\users\master\source\repos\烈風伝mod\winmm\release (super)\vc143.pdb
c:\users\master\source\repos\烈風伝mod\release (super)\winmm.dll
c:\users\master\source\repos\烈風伝mod\winmm\release (super)\winmm.ipdb
c:\users\master\source\repos\烈風伝mod\winmm\release (super)\winmm.iobj
c:\users\master\source\repos\烈風伝mod\release (super)\winmm.lib
c:\users\master\source\repos\烈風伝mod\release (super)\winmm.exp
c:\users\master\source\repos\烈風伝mod\winmm\release (super)\winmm.res
c:\users\master\source\repos\烈風伝mod\winmm\release (super)\winmm.tlog\cl.16108.write.1.tlog
c:\users\master\source\repos\烈風伝mod\winmm\release (super)\winmm.tlog\cl.command.1.tlog
c:\users\master\source\repos\烈風伝mod\winmm\release (super)\winmm.tlog\cl.items.tlog
c:\users\master\source\repos\烈風伝mod\winmm\release (super)\winmm.tlog\cl.read.1.tlog
c:\users\master\source\repos\烈風伝mod\winmm\release (super)\winmm.tlog\link.command.1.tlog
c:\users\master\source\repos\烈風伝mod\winmm\release (super)\winmm.tlog\link.read.1.tlog
c:\users\master\source\repos\烈風伝mod\winmm\release (super)\winmm.tlog\link.write.1.tlog
c:\users\master\source\repos\烈風伝mod\winmm\release (super)\winmm.tlog\link.write.2u.tlog
c:\users\master\source\repos\烈風伝mod\winmm\release (super)\winmm.tlog\rc.command.1.tlog
c:\users\master\source\repos\烈風伝mod\winmm\release (super)\winmm.tlog\rc.read.1.tlog
c:\users\master\source\repos\烈風伝mod\winmm\release (super)\winmm.tlog\rc.write.1.tlog
