  ascii.c
  big5.c
  cp1251.c
  euc_jp.c
  euc_kr.c
  euc_tw.c
  gb18030.c
  iso8859_1.c
  iso8859_10.c
  iso8859_11.c
  iso8859_13.c
  iso8859_14.c
  iso8859_15.c
  iso8859_16.c
  iso8859_2.c
  iso8859_3.c
  iso8859_4.c
  iso8859_5.c
  iso8859_6.c
  iso8859_7.c
  iso8859_8.c
  iso8859_9.c
  koi8.c
  koi8_r.c
  regcomp.c
  regenc.c
  regerror.c
  regexec.c
  regext.c
  reggnu.c
  regparse.c
  regposerr.c
  regposix.c
  regsyntax.c
  regtrav.c
  regversion.c
  sjis.c
  st.c
  unicode.c
  utf16_be.c
  utf16_le.c
  utf32_be.c
  utf32_le.c
  utf8.c
  oniguruma.vcxproj -> C:\Users\master\source\repos\烈風伝Mod\Release\oniguruma.lib
