c:\users\master\source\repos\烈風伝mod\烈風伝mod\release (super)\game_test.obj
c:\users\master\source\repos\烈風伝mod\烈風伝mod\release (super)\hook_setmenu_custom.obj
c:\users\master\source\repos\烈風伝mod\烈風伝mod\release (super)\hook_readfile_custom.obj
c:\users\master\source\repos\烈風伝mod\烈風伝mod\release (super)\game_font.obj
c:\users\master\source\repos\烈風伝mod\烈風伝mod\release (super)\.netframework,version=v4.8.assemblyattributes.obj
c:\users\master\source\repos\烈風伝mod\烈風伝mod\release (super)\game_process.obj
c:\users\master\source\repos\烈風伝mod\烈風伝mod\release (super)\onigwrap.obj
c:\users\master\source\repos\烈風伝mod\烈風伝mod\release (super)\game_window.obj
c:\users\master\source\repos\烈風伝mod\烈風伝mod\release (super)\hook_defwindowproca_custom.obj
c:\users\master\source\repos\烈風伝mod\烈風伝mod\release (super)\hook_functions_direct.obj
c:\users\master\source\repos\烈風伝mod\烈風伝mod\release (super)\mng_文字列変換.obj
c:\users\master\source\repos\烈風伝mod\烈風伝mod\release (super)\export_func.obj
c:\users\master\source\repos\烈風伝mod\烈風伝mod\release (super)\javascript_mod.obj
c:\users\master\source\repos\烈風伝mod\烈風伝mod\release (super)\hook_movie_opening_filename.obj
c:\users\master\source\repos\烈風伝mod\烈風伝mod\release (super)\hook_movie_ending_filename.obj
c:\users\master\source\repos\烈風伝mod\烈風伝mod\release (super)\game_menu.obj
c:\users\master\source\repos\烈風伝mod\烈風伝mod\release (super)\hook_functions_replace.obj
c:\users\master\source\repos\烈風伝mod\烈風伝mod\release (super)\file_attribute.obj
c:\users\master\source\repos\烈風伝mod\烈風伝mod\release (super)\output_debug_stream.obj
c:\users\master\source\repos\烈風伝mod\烈風伝mod\release (super)\game_screen.obj
c:\users\master\source\repos\烈風伝mod\烈風伝mod\release (super)\vc143.pdb
c:\users\master\source\repos\烈風伝mod\release (super)\javascript.mod.dll
c:\users\master\source\repos\烈風伝mod\release (super)\clearscript.v8.dll
c:\users\master\source\repos\烈風伝mod\release (super)\clearscript.core.dll
c:\users\master\source\repos\烈風伝mod\release (super)\javascript.mod.pdb
c:\users\master\source\repos\烈風伝mod\release (super)\烈風伝.mod.dll
c:\users\master\source\repos\烈風伝mod\release (super)\烈風伝.mod.lib
c:\users\master\source\repos\烈風伝mod\release (super)\烈風伝.mod.exp
c:\users\master\source\repos\烈風伝mod\烈風伝mod\release (super)\resource.res
c:\users\master\source\repos\烈風伝mod\烈風伝mod\release (super)\烈風伝.mod.tlog\cl.command.1.tlog
c:\users\master\source\repos\烈風伝mod\烈風伝mod\release (super)\烈風伝.mod.tlog\cl.items.tlog
c:\users\master\source\repos\烈風伝mod\烈風伝mod\release (super)\烈風伝.mod.tlog\cl.read.1.tlog
c:\users\master\source\repos\烈風伝mod\烈風伝mod\release (super)\烈風伝.mod.tlog\cl.write.1.tlog
c:\users\master\source\repos\烈風伝mod\烈風伝mod\release (super)\烈風伝.mod.tlog\copylocal.read.1u.tlog
c:\users\master\source\repos\烈風伝mod\烈風伝mod\release (super)\烈風伝.mod.tlog\copylocal.write.1u.tlog
c:\users\master\source\repos\烈風伝mod\烈風伝mod\release (super)\烈風伝.mod.tlog\link.command.1.tlog
c:\users\master\source\repos\烈風伝mod\烈風伝mod\release (super)\烈風伝.mod.tlog\link.read.1.tlog
c:\users\master\source\repos\烈風伝mod\烈風伝mod\release (super)\烈風伝.mod.tlog\link.write.1.tlog
c:\users\master\source\repos\烈風伝mod\烈風伝mod\release (super)\烈風伝.mod.tlog\link.write.2u.tlog
c:\users\master\source\repos\烈風伝mod\烈風伝mod\release (super)\烈風伝.mod.tlog\metagen.read.1.tlog
c:\users\master\source\repos\烈風伝mod\烈風伝mod\release (super)\烈風伝.mod.tlog\metagen.write.1.tlog
c:\users\master\source\repos\烈風伝mod\烈風伝mod\release (super)\烈風伝.mod.tlog\rc.command.1.tlog
c:\users\master\source\repos\烈風伝mod\烈風伝mod\release (super)\烈風伝.mod.tlog\rc.read.1.tlog
c:\users\master\source\repos\烈風伝mod\烈風伝mod\release (super)\烈風伝.mod.tlog\rc.write.1.tlog
