c:\users\master\source\repos\烈風伝mod\winmm\release\process.obj
c:\users\master\source\repos\烈風伝mod\winmm\release\output_debug_stream.obj
c:\users\master\source\repos\烈風伝mod\winmm\release\dllmain.obj
c:\users\master\source\repos\烈風伝mod\winmm\release\on_event.obj
c:\users\master\source\repos\烈風伝mod\winmm\release\dllextern.obj
c:\users\master\source\repos\烈風伝mod\winmm\release\file_attribute.obj
c:\users\master\source\repos\烈風伝mod\winmm\release\loadmod.obj
c:\users\master\source\repos\烈風伝mod\winmm\release\vc143.pdb
c:\users\master\source\repos\烈風伝mod\release\winmm.dll
c:\users\master\source\repos\烈風伝mod\winmm\release\winmm.ipdb
c:\users\master\source\repos\烈風伝mod\winmm\release\winmm.iobj
c:\users\master\source\repos\烈風伝mod\release\winmm.lib
c:\users\master\source\repos\烈風伝mod\release\winmm.exp
c:\users\master\source\repos\烈風伝mod\winmm\release\winmm.res
c:\users\master\source\repos\烈風伝mod\winmm\release\winmm.tlog\cl.21380.write.1.tlog
c:\users\master\source\repos\烈風伝mod\winmm\release\winmm.tlog\cl.command.1.tlog
c:\users\master\source\repos\烈風伝mod\winmm\release\winmm.tlog\cl.items.tlog
c:\users\master\source\repos\烈風伝mod\winmm\release\winmm.tlog\cl.read.1.tlog
c:\users\master\source\repos\烈風伝mod\winmm\release\winmm.tlog\link.command.1.tlog
c:\users\master\source\repos\烈風伝mod\winmm\release\winmm.tlog\link.read.1.tlog
c:\users\master\source\repos\烈風伝mod\winmm\release\winmm.tlog\link.write.1.tlog
c:\users\master\source\repos\烈風伝mod\winmm\release\winmm.tlog\link.write.2u.tlog
c:\users\master\source\repos\烈風伝mod\winmm\release\winmm.tlog\rc.command.1.tlog
c:\users\master\source\repos\烈風伝mod\winmm\release\winmm.tlog\rc.read.1.tlog
c:\users\master\source\repos\烈風伝mod\winmm\release\winmm.tlog\rc.write.1.tlog
