  data_game_text_resource.cpp
  export_func.cpp
  file_attribute.cpp
  game_font.cpp
  game_menu.cpp
  game_process.cpp
  game_screen.cpp
  game_test.cpp
  game_window.cpp
  hook_defwindowproca_custom.cpp
  hook_functions_direct.cpp
  hook_functions_replace.cpp
  hook_kanni_label_name.cpp
  hook_movie_ending_filename.cpp
  hook_movie_opening_filename.cpp
  hook_readfile_custom.cpp
  hook_setmenu_custom.cpp
  javascript_mod.cpp
  mng_文字列変換.cpp
  onigwrap.cpp
  output_debug_stream.cpp
  .NETFramework,Version=v4.8.AssemblyAttributes.cpp
     ライブラリ C:\Users\master\source\repos\烈風伝Mod\Release\烈風伝.mod.lib とオブジェクト C:\Users\master\source\repos\烈風伝Mod\Release\烈風伝.mod.exp を作成中
  烈風伝.mod.vcxproj -> C:\Users\master\source\repos\烈風伝Mod\Release\烈風伝.mod.dll
