c:\users\master\source\repos\烈風伝mod\烈風伝mod\release\game_process.obj
c:\users\master\source\repos\烈風伝mod\烈風伝mod\release\game_screen.obj
c:\users\master\source\repos\烈風伝mod\烈風伝mod\release\javascript_mod.obj
c:\users\master\source\repos\烈風伝mod\烈風伝mod\release\output_debug_stream.obj
c:\users\master\source\repos\烈風伝mod\烈風伝mod\release\game_test.obj
c:\users\master\source\repos\烈風伝mod\烈風伝mod\release\export_func.obj
c:\users\master\source\repos\烈風伝mod\烈風伝mod\release\game_font.obj
c:\users\master\source\repos\烈風伝mod\烈風伝mod\release\.netframework,version=v4.8.assemblyattributes.obj
c:\users\master\source\repos\烈風伝mod\烈風伝mod\release\hook_setmenu_custom.obj
c:\users\master\source\repos\烈風伝mod\烈風伝mod\release\game_menu.obj
c:\users\master\source\repos\烈風伝mod\烈風伝mod\release\game_window.obj
c:\users\master\source\repos\烈風伝mod\烈風伝mod\release\hook_defwindowproca_custom.obj
c:\users\master\source\repos\烈風伝mod\烈風伝mod\release\hook_functions_replace.obj
c:\users\master\source\repos\烈風伝mod\烈風伝mod\release\vc143.pdb
c:\users\master\source\repos\烈風伝mod\release\烈風伝.mod.dll
c:\users\master\source\repos\烈風伝mod\release\烈風伝.mod.lib
c:\users\master\source\repos\烈風伝mod\release\烈風伝.mod.exp
c:\users\master\source\repos\烈風伝mod\烈風伝mod\release\烈風伝.mod.tlog\cl.command.1.tlog
c:\users\master\source\repos\烈風伝mod\烈風伝mod\release\烈風伝.mod.tlog\cl.items.tlog
c:\users\master\source\repos\烈風伝mod\烈風伝mod\release\烈風伝.mod.tlog\cl.read.1.tlog
c:\users\master\source\repos\烈風伝mod\烈風伝mod\release\烈風伝.mod.tlog\cl.write.1.tlog
c:\users\master\source\repos\烈風伝mod\烈風伝mod\release\烈風伝.mod.tlog\link.command.1.tlog
c:\users\master\source\repos\烈風伝mod\烈風伝mod\release\烈風伝.mod.tlog\link.read.1.tlog
c:\users\master\source\repos\烈風伝mod\烈風伝mod\release\烈風伝.mod.tlog\link.write.1.tlog
c:\users\master\source\repos\烈風伝mod\烈風伝mod\release\烈風伝.mod.tlog\link.write.2u.tlog
c:\users\master\source\repos\烈風伝mod\烈風伝mod\release\烈風伝.mod.tlog\metagen.read.1.tlog
c:\users\master\source\repos\烈風伝mod\烈風伝mod\release\烈風伝.mod.tlog\metagen.write.1.tlog
